This is pdfTeX, Version 3.14159265-2.6-1.40.16 (TeX Live 2015/Debian) (preloaded format=pdflatex 2017.10.8)  6 NOV 2017 21:50
entering extended mode
 restricted \write18 enabled.
 %&-line parsing enabled.
**projektsystemu.tex
(./projektsystemu.tex
LaTeX2e <2016/02/01>
Babel <3.9q> and hyphenation patterns for 81 language(s) loaded.
! Undefined control sequence.
l.1 \chapter
            {Projekt systemu}
The control sequence at the end of the top line
of your error message was never \def'ed. If you have
misspelled it (e.g., `\hobx'), type `I' and the correct
spelling (e.g., `I\hbox'). Otherwise just continue,
and I'll forget about whatever was undefined.


! LaTeX Error: Missing \begin{document}.

See the LaTeX manual or LaTeX Companion for explanation.
Type  H <return>  for immediate help.
 ...                                              
                                                  
l.1 \chapter{P
              rojekt systemu}
You're in trouble here.  Try typing  <return>  to proceed.
If that doesn't work, type  X <return>  to quit.

Missing character: There is no P in font nullfont!
Missing character: There is no r in font nullfont!
Missing character: There is no o in font nullfont!
Missing character: There is no j in font nullfont!
Missing character: There is no e in font nullfont!
Missing character: There is no k in font nullfont!
Missing character: There is no t in font nullfont!
Missing character: There is no s in font nullfont!
Missing character: There is no y in font nullfont!
Missing character: There is no s in font nullfont!
Missing character: There is no t in font nullfont!
Missing character: There is no e in font nullfont!
Missing character: There is no m in font nullfont!
Missing character: There is no u in font nullfont!

Overfull \hbox (20.0pt too wide) in paragraph at lines 1--2
[]
 []

! Undefined control sequence.
l.3 \section
            {Przypadki u≈ºycia}
The control sequence at the end of the top line
of your error message was never \def'ed. If you have
misspelled it (e.g., `\hobx'), type `I' and the correct
spelling (e.g., `I\hbox'). Otherwise just continue,
and I'll forget about whatever was undefined.


! LaTeX Error: Missing \begin{document}.

See the LaTeX manual or LaTeX Companion for explanation.
Type  H <return>  for immediate help.
 ...                                              
                                                  
l.3 \section{P
              rzypadki u≈ºycia}
You're in trouble here.  Try typing  <return>  to proceed.
If that doesn't work, type  X <return>  to quit.

Missing character: There is no P in font nullfont!
Missing character: There is no r in font nullfont!
Missing character: There is no z in font nullfont!
Missing character: There is no y in font nullfont!
Missing character: There is no p in font nullfont!
Missing character: There is no a in font nullfont!
Missing character: There is no d in font nullfont!
Missing character: There is no k in font nullfont!
Missing character: There is no i in font nullfont!
Missing character: There is no u in font nullfont!
Missing character: There is no ≈ in font nullfont!
Missing character: There is no º in font nullfont!
Missing character: There is no y in font nullfont!
Missing character: There is no c in font nullfont!
Missing character: There is no i in font nullfont!
Missing character: There is no a in font nullfont!

! LaTeX Error: Environment table undefined.

See the LaTeX manual or LaTeX Companion for explanation.
Type  H <return>  for immediate help.
 ...                                              
                                                  
l.4 	\begin{table}
                  [H]
Your command was ignored.
Type  I <command> <return>  to replace it with another command,
or  <return>  to continue without it.

Missing character: There is no [ in font nullfont!
Missing character: There is no H in font nullfont!
Missing character: There is no ] in font nullfont!
! Undefined control sequence.
l.6 	\sffamily\captionsetup
                           {justification=raggedright,singlelinecheck=false,...
The control sequence at the end of the top line
of your error message was never \def'ed. If you have
misspelled it (e.g., `\hobx'), type `I' and the correct
spelling (e.g., `I\hbox'). Otherwise just continue,
and I'll forget about whatever was undefined.

LaTeX Font Info:    External font `cmex10' loaded for size
(Font)              <7> on input line 7.
LaTeX Font Info:    External font `cmex10' loaded for size
(Font)              <5> on input line 7.

! LaTeX Error: Illegal character in array arg.

See the LaTeX manual or LaTeX Companion for explanation.
Type  H <return>  for immediate help.
 ...                                              
                                                  
l.7 	\begin{tabular}{|m{3.5cm}|m{11cm}|}
                                        
You're in trouble here.  Try typing  <return>  to proceed.
If that doesn't work, type  X <return>  to quit.


! LaTeX Error: Illegal character in array arg.

See the LaTeX manual or LaTeX Companion for explanation.
Type  H <return>  for immediate help.
 ...                                              
                                                  
l.7 	\begin{tabular}{|m{3.5cm}|m{11cm}|}
                                        
You're in trouble here.  Try typing  <return>  to proceed.
If that doesn't work, type  X <return>  to quit.


! LaTeX Error: Illegal character in array arg.

See the LaTeX manual or LaTeX Companion for explanation.
Type  H <return>  for immediate help.
 ...                                              
                                                  
l.7 	\begin{tabular}{|m{3.5cm}|m{11cm}|}
                                        
You're in trouble here.  Try typing  <return>  to proceed.
If that doesn't work, type  X <return>  to quit.


! LaTeX Error:  Illegal character in array arg.

See the LaTeX manual or LaTeX Companion for explanation.
Type  H <return>  for immediate help.
 ...                                              
                                                  
l.7 	\begin{tabular}{|m{3.5cm}|m{11cm}|}
                                        
You're in trouble here.  Try typing  <return>  to proceed.
If that doesn't work, type  X <return>  to quit.


Overfull \hbox (13.55559pt too wide) in paragraph at lines 7--7
 \OT1/cmss/m/n/10 La- 
 []


Overfull \hbox (17.08336pt too wide) in paragraph at lines 7--7
 \OT1/cmss/m/n/10 TeX 
 []


Overfull \hbox (12.72224pt too wide) in paragraph at lines 7--7
 \OT1/cmss/m/n/10 Er- 
 []


Overfull \hbox (14.33339pt too wide) in paragraph at lines 7--7
 \OT1/cmss/m/n/10 ror: 
 []


Overfull \hbox (22.13892pt too wide) in paragraph at lines 7--7
 \OT1/cmss/m/n/10 Miss- 
 []


Overfull \hbox (12.55557pt too wide) in paragraph at lines 7--7
 \OT1/cmss/m/n/10 ing 
 []


Overfull \hbox (18.22224pt too wide) in paragraph at lines 7--7
 \OT1/cmss/m/n/10 doc- 
 []


Overfull \hbox (8.5pt too wide) in paragraph at lines 7--7
 \OT1/cmss/m/n/10 u- 
 []


Overfull \hbox (35.61115pt too wide) in paragraph at lines 7--7
 \OT1/cmss/m/n/10 mentSee 
 []


Overfull \hbox (13.22223pt too wide) in paragraph at lines 7--7
 \OT1/cmss/m/n/10 the 
 []


Overfull \hbox (13.55559pt too wide) in paragraph at lines 7--7
 \OT1/cmss/m/n/10 La- 
 []


Overfull \hbox (17.08336pt too wide) in paragraph at lines 7--7
 \OT1/cmss/m/n/10 TeX 
 []


Overfull \hbox (21.25003pt too wide) in paragraph at lines 7--7
 \OT1/cmss/m/n/10 man- 
 []


Overfull \hbox (12.36113pt too wide) in paragraph at lines 7--7
 \OT1/cmss/m/n/10 ual 
 []


Overfull \hbox (8.13892pt too wide) in paragraph at lines 7--7
 \OT1/cmss/m/n/10 or 
 []


Overfull \hbox (13.55559pt too wide) in paragraph at lines 7--7
 \OT1/cmss/m/n/10 La- 
 []


Overfull \hbox (17.08336pt too wide) in paragraph at lines 7--7
 \OT1/cmss/m/n/10 TeX 
 []


Overfull \hbox (22.6667pt too wide) in paragraph at lines 7--7
 \OT1/cmss/m/n/10 Com- 
 []


Overfull \hbox (18.47224pt too wide) in paragraph at lines 7--7
 \OT1/cmss/m/n/10 pan- 
 []


Overfull \hbox (12.55557pt too wide) in paragraph at lines 7--7
 \OT1/cmss/m/n/10 ion 
 []


Overfull \hbox (11.19449pt too wide) in paragraph at lines 7--7
 \OT1/cmss/m/n/10 for 
 []


Overfull \hbox (12.3889pt too wide) in paragraph at lines 7--7
 \OT1/cmss/m/n/10 ex- 
 []


Overfull \hbox (15.69446pt too wide) in paragraph at lines 7--7
 \OT1/cmss/m/n/10 pla- 
 []


Overfull \hbox (13.30557pt too wide) in paragraph at lines 7--7
 \OT1/cmss/m/n/10 na- 
 []


Overfull \hbox (45.58342pt too wide) in paragraph at lines 7--7
 \OT1/cmss/m/n/10 tion.You're 
 []


Overfull \hbox (7.55556pt too wide) in paragraph at lines 7--7
 \OT1/cmss/m/n/10 in 
 []


Overfull \hbox (20.52782pt too wide) in paragraph at lines 7--7
 \OT1/cmss/m/n/10 trou- 
 []


Overfull \hbox (12.0pt too wide) in paragraph at lines 7--7
 \OT1/cmss/m/n/10 ble 
 []


Overfull \hbox (20.25003pt too wide) in paragraph at lines 7--7
 \OT1/cmss/m/n/10 here. 
 []


Overfull \hbox (14.00005pt too wide) in paragraph at lines 7--7
 \OT1/cmss/m/n/10 Try 
 []


Overfull \hbox (16.44446pt too wide) in paragraph at lines 7--7
 \OT1/cmss/m/n/10 typ- 
 []


Overfull \hbox (12.55557pt too wide) in paragraph at lines 7--7
 \OT1/cmss/m/n/10 ing 
 []


Overfull \hbox (14.3889pt too wide) in paragraph at lines 7--7
 \OT1/cmss/m/n/10 <re- 
 []


Overfull \hbox (22.08337pt too wide) in paragraph at lines 7--7
 \OT1/cmss/m/n/10 turn> 
 []


Overfull \hbox (8.61113pt too wide) in paragraph at lines 7--7
 \OT1/cmss/m/n/10 to 
 []


Overfull \hbox (16.63892pt too wide) in paragraph at lines 7--7
 \OT1/cmss/m/n/10 pro- 
 []


Overfull \hbox (27.11116pt too wide) in paragraph at lines 7--7
 \OT1/cmss/m/n/10 ceed.If 
 []


Overfull \hbox (17.19447pt too wide) in paragraph at lines 7--7
 \OT1/cmss/m/n/10 that 
 []


Overfull \hbox (30.27782pt too wide) in paragraph at lines 7--7
 \OT1/cmss/m/n/10 doesn't 
 []


Overfull \hbox (22.36119pt too wide) in paragraph at lines 7--7
 \OT1/cmss/m/n/10 work, 
 []


Overfull \hbox (17.83336pt too wide) in paragraph at lines 7--7
 \OT1/cmss/m/n/10 type 
 []


Overfull \hbox (6.66669pt too wide) in paragraph at lines 7--7
 \OT1/cmss/m/n/10 X 
 []


Overfull \hbox (14.3889pt too wide) in paragraph at lines 7--7
 \OT1/cmss/m/n/10 <re- 
 []


Overfull \hbox (22.08337pt too wide) in paragraph at lines 7--7
 \OT1/cmss/m/n/10 turn> 
 []


Overfull \hbox (8.61113pt too wide) in paragraph at lines 7--7
 \OT1/cmss/m/n/10 to 
 []


Overfull \hbox (35.94447pt too wide) in paragraph at lines 7--7
 \OT1/cmss/m/n/10 quit.cmc 
 []

! Undefined control sequence.
<recently read> \multirow 
                          
l.16 	\multirow
               {6}{*}{Main Success Scenario} & 1.Company hits on 'Add Survey...
The control sequence at the end of the top line
of your error message was never \def'ed. If you have
misspelled it (e.g., `\hobx'), type `I' and the correct
spelling (e.g., `I\hbox'). Otherwise just continue,
and I'll forget about whatever was undefined.

! Undefined control sequence.
<recently read> \multirow 
                          
l.28 	\multirow
               {4}{*}{Alternate flows} & 2a.Company hits 'Confirm Survey' bu...
The control sequence at the end of the top line
of your error message was never \def'ed. If you have
misspelled it (e.g., `\hobx'), type `I' and the correct
spelling (e.g., `I\hbox'). Otherwise just continue,
and I'll forget about whatever was undefined.


! LaTeX Error: \begin{document} ended by \end{table}.

See the LaTeX manual or LaTeX Companion for explanation.
Type  H <return>  for immediate help.
 ...                                              
                                                  
l.37 	\end{table}
                 
Your command was ignored.
Type  I <command> <return>  to replace it with another command,
or  <return>  to continue without it.


Overfull \hbox (20.0pt too wide) in paragraph at lines 3--38
[]
 []


Overfull \hbox (15.0pt too wide) in paragraph at lines 3--38
\OT1/cmss/m/n/10 jus-
 []


Overfull \hbox (9.33333pt too wide) in paragraph at lines 3--38
\OT1/cmss/m/n/10 ti-
 []


Overfull \hbox (8.69444pt too wide) in paragraph at lines 3--38
\OT1/cmss/m/n/10 fi-
 []


Overfull \hbox (12.58334pt too wide) in paragraph at lines 3--38
\OT1/cmss/m/n/10 ca-
 []


Overfull \hbox (197.05585pt too wide) in paragraph at lines 3--38
\OT1/cmss/m/n/10 tion=raggedright,singlelinecheck=false,position
 []


Overfull \hbox (7.7778pt too wide) in paragraph at lines 3--38
\OT1/cmss/m/n/10 =
 []


Overfull \hbox (13.22223pt too wide) in paragraph at lines 3--38
\OT1/cmss/m/n/10 be-
 []


Overfull \hbox (16.72226pt too wide) in paragraph at lines 3--38
\OT1/cmss/m/n/10 low,
 []


Overfull \hbox (16.83337pt too wide) in paragraph at lines 3--38
\OT1/cmss/m/n/10 font
 []


Overfull \hbox (7.7778pt too wide) in paragraph at lines 3--38
\OT1/cmss/m/n/10 =
 []


Overfull \hbox (6.8889pt too wide) in paragraph at lines 3--38
\OT1/cmss/m/n/10 sf
 []


Overfull \hbox (521.02846pt too wide) in paragraph at lines 3--38
[]
 []


! LaTeX Error: Environment table undefined.

See the LaTeX manual or LaTeX Companion for explanation.
Type  H <return>  for immediate help.
 ...                                              
                                                  
l.39 	\begin{table}
                   [H]
Your command was ignored.
Type  I <command> <return>  to replace it with another command,
or  <return>  to continue without it.


! LaTeX Error: Missing \begin{document}.

See the LaTeX manual or LaTeX Companion for explanation.
Type  H <return>  for immediate help.
 ...                                              
                                                  
l.39 	\begin{table}[
                    H]
You're in trouble here.  Try typing  <return>  to proceed.
If that doesn't work, type  X <return>  to quit.

Missing character: There is no [ in font nullfont!
Missing character: There is no H in font nullfont!
Missing character: There is no ] in font nullfont!
! Undefined control sequence.
l.40 	\sffamily\captionsetup
                            {justification=raggedright,singlelinecheck=false...
The control sequence at the end of the top line
of your error message was never \def'ed. If you have
misspelled it (e.g., `\hobx'), type `I' and the correct
spelling (e.g., `I\hbox'). Otherwise just continue,
and I'll forget about whatever was undefined.


! LaTeX Error: Illegal character in array arg.

See the LaTeX manual or LaTeX Companion for explanation.
Type  H <return>  for immediate help.
 ...                                              
                                                  
l.41 	\begin{tabular}{|m{3.5cm}|m{11cm}|}
                                         
You're in trouble here.  Try typing  <return>  to proceed.
If that doesn't work, type  X <return>  to quit.


! LaTeX Error: Illegal character in array arg.

See the LaTeX manual or LaTeX Companion for explanation.
Type  H <return>  for immediate help.
 ...                                              
                                                  
l.41 	\begin{tabular}{|m{3.5cm}|m{11cm}|}
                                         
You're in trouble here.  Try typing  <return>  to proceed.
If that doesn't work, type  X <return>  to quit.


! LaTeX Error: Illegal character in array arg.

See the LaTeX manual or LaTeX Companion for explanation.
Type  H <return>  for immediate help.
 ...                                              
                                                  
l.41 	\begin{tabular}{|m{3.5cm}|m{11cm}|}
                                         
You're in trouble here.  Try typing  <return>  to proceed.
If that doesn't work, type  X <return>  to quit.


! LaTeX Error:  Illegal character in array arg.

See the LaTeX manual or LaTeX Companion for explanation.
Type  H <return>  for immediate help.
 ...                                              
                                                  
l.41 	\begin{tabular}{|m{3.5cm}|m{11cm}|}
                                         
You're in trouble here.  Try typing  <return>  to proceed.
If that doesn't work, type  X <return>  to quit.


Overfull \hbox (20.0pt too wide) in paragraph at lines 41--41
[]
 []


Overfull \hbox (13.55559pt too wide) in paragraph at lines 41--41
\OT1/cmss/m/n/10 La-
 []


Overfull \hbox (17.08336pt too wide) in paragraph at lines 41--41
\OT1/cmss/m/n/10 TeX
 []


Overfull \hbox (12.72224pt too wide) in paragraph at lines 41--41
\OT1/cmss/m/n/10 Er-
 []


Overfull \hbox (14.33339pt too wide) in paragraph at lines 41--41
\OT1/cmss/m/n/10 ror:
 []


Overfull \hbox (22.13892pt too wide) in paragraph at lines 41--41
\OT1/cmss/m/n/10 Miss-
 []


Overfull \hbox (12.55557pt too wide) in paragraph at lines 41--41
\OT1/cmss/m/n/10 ing
 []


Overfull \hbox (18.22224pt too wide) in paragraph at lines 41--41
\OT1/cmss/m/n/10 doc-
 []


Overfull \hbox (8.5pt too wide) in paragraph at lines 41--41
\OT1/cmss/m/n/10 u-
 []


Overfull \hbox (35.61115pt too wide) in paragraph at lines 41--41
\OT1/cmss/m/n/10 mentSee
 []


Overfull \hbox (13.22223pt too wide) in paragraph at lines 41--41
\OT1/cmss/m/n/10 the
 []


Overfull \hbox (13.55559pt too wide) in paragraph at lines 41--41
\OT1/cmss/m/n/10 La-
 []


Overfull \hbox (17.08336pt too wide) in paragraph at lines 41--41
\OT1/cmss/m/n/10 TeX
 []


Overfull \hbox (21.25003pt too wide) in paragraph at lines 41--41
\OT1/cmss/m/n/10 man-
 []


Overfull \hbox (12.36113pt too wide) in paragraph at lines 41--41
\OT1/cmss/m/n/10 ual
 []


Overfull \hbox (8.13892pt too wide) in paragraph at lines 41--41
\OT1/cmss/m/n/10 or
 []


Overfull \hbox (13.55559pt too wide) in paragraph at lines 41--41
\OT1/cmss/m/n/10 La-
 []


Overfull \hbox (17.08336pt too wide) in paragraph at lines 41--41
\OT1/cmss/m/n/10 TeX
 []


Overfull \hbox (22.6667pt too wide) in paragraph at lines 41--41
\OT1/cmss/m/n/10 Com-
 []


Overfull \hbox (18.47224pt too wide) in paragraph at lines 41--41
\OT1/cmss/m/n/10 pan-
 []


Overfull \hbox (12.55557pt too wide) in paragraph at lines 41--41
\OT1/cmss/m/n/10 ion
 []


Overfull \hbox (11.19449pt too wide) in paragraph at lines 41--41
\OT1/cmss/m/n/10 for
 []


Overfull \hbox (12.3889pt too wide) in paragraph at lines 41--41
\OT1/cmss/m/n/10 ex-
 []


Overfull \hbox (15.69446pt too wide) in paragraph at lines 41--41
\OT1/cmss/m/n/10 pla-
 []


Overfull \hbox (13.30557pt too wide) in paragraph at lines 41--41
\OT1/cmss/m/n/10 na-
 []


Overfull \hbox (45.58342pt too wide) in paragraph at lines 41--41
\OT1/cmss/m/n/10 tion.You're
 []


Overfull \hbox (7.55556pt too wide) in paragraph at lines 41--41
\OT1/cmss/m/n/10 in
 []


Overfull \hbox (20.52782pt too wide) in paragraph at lines 41--41
\OT1/cmss/m/n/10 trou-
 []


Overfull \hbox (12.0pt too wide) in paragraph at lines 41--41
\OT1/cmss/m/n/10 ble
 []


Overfull \hbox (20.25003pt too wide) in paragraph at lines 41--41
\OT1/cmss/m/n/10 here.
 []


Overfull \hbox (14.00005pt too wide) in paragraph at lines 41--41
\OT1/cmss/m/n/10 Try
 []


Overfull \hbox (16.44446pt too wide) in paragraph at lines 41--41
\OT1/cmss/m/n/10 typ-
 []


Overfull \hbox (12.55557pt too wide) in paragraph at lines 41--41
\OT1/cmss/m/n/10 ing
 []


Overfull \hbox (14.3889pt too wide) in paragraph at lines 41--41
\OT1/cmss/m/n/10 <re-
 []


Overfull \hbox (22.08337pt too wide) in paragraph at lines 41--41
\OT1/cmss/m/n/10 turn>
 []


Overfull \hbox (8.61113pt too wide) in paragraph at lines 41--41
\OT1/cmss/m/n/10 to
 []


Overfull \hbox (16.63892pt too wide) in paragraph at lines 41--41
\OT1/cmss/m/n/10 pro-
 []


Overfull \hbox (27.11116pt too wide) in paragraph at lines 41--41
\OT1/cmss/m/n/10 ceed.If
 []


Overfull \hbox (17.19447pt too wide) in paragraph at lines 41--41
\OT1/cmss/m/n/10 that
 []


Overfull \hbox (30.27782pt too wide) in paragraph at lines 41--41
\OT1/cmss/m/n/10 doesn't
 []


Overfull \hbox (22.36119pt too wide) in paragraph at lines 41--41
\OT1/cmss/m/n/10 work,
 []


Overfull \hbox (17.83336pt too wide) in paragraph at lines 41--41
\OT1/cmss/m/n/10 type
 []


Overfull \hbox (6.66669pt too wide) in paragraph at lines 41--41
\OT1/cmss/m/n/10 X
 []


Overfull \hbox (14.3889pt too wide) in paragraph at lines 41--41
\OT1/cmss/m/n/10 <re-
 []


Overfull \hbox (22.08337pt too wide) in paragraph at lines 41--41
\OT1/cmss/m/n/10 turn>
 []


Overfull \hbox (8.61113pt too wide) in paragraph at lines 41--41
\OT1/cmss/m/n/10 to
 []


Overfull \hbox (35.94447pt too wide) in paragraph at lines 41--41
\OT1/cmss/m/n/10 quit.cmc 
 []

! Undefined control sequence.
<recently read> \multirow 
                          
l.51 	\multirow
               {7}{*}{Main Success Scenario} & 1.Company enters the website ...
The control sequence at the end of the top line
of your error message was never \def'ed. If you have
misspelled it (e.g., `\hobx'), type `I' and the correct
spelling (e.g., `I\hbox'). Otherwise just continue,
and I'll forget about whatever was undefined.

! Undefined control sequence.
<recently read> \multirow 
                          
l.65     \multirow
                  {10}{*}{Alternate flows} & 2a.Company hits the Sign Up but...
The control sequence at the end of the top line
of your error message was never \def'ed. If you have
misspelled it (e.g., `\hobx'), type `I' and the correct
spelling (e.g., `I\hbox'). Otherwise just continue,
and I'll forget about whatever was undefined.


! LaTeX Error: \begin{document} ended by \end{table}.

See the LaTeX manual or LaTeX Companion for explanation.
Type  H <return>  for immediate help.
 ...                                              
                                                  
l.86 	\end{table}
                 
Your command was ignored.
Type  I <command> <return>  to replace it with another command,
or  <return>  to continue without it.


Overfull \hbox (20.0pt too wide) in paragraph at lines 39--87
[]
 []


Overfull \hbox (15.0pt too wide) in paragraph at lines 39--87
\OT1/cmss/m/n/10 jus-
 []


Overfull \hbox (9.33333pt too wide) in paragraph at lines 39--87
\OT1/cmss/m/n/10 ti-
 []


Overfull \hbox (8.69444pt too wide) in paragraph at lines 39--87
\OT1/cmss/m/n/10 fi-
 []


Overfull \hbox (12.58334pt too wide) in paragraph at lines 39--87
\OT1/cmss/m/n/10 ca-
 []


Overfull \hbox (197.05585pt too wide) in paragraph at lines 39--87
\OT1/cmss/m/n/10 tion=raggedright,singlelinecheck=false,position
 []


Overfull \hbox (7.7778pt too wide) in paragraph at lines 39--87
\OT1/cmss/m/n/10 =
 []


Overfull \hbox (13.22223pt too wide) in paragraph at lines 39--87
\OT1/cmss/m/n/10 be-
 []


Overfull \hbox (16.72226pt too wide) in paragraph at lines 39--87
\OT1/cmss/m/n/10 low,
 []


Overfull \hbox (16.83337pt too wide) in paragraph at lines 39--87
\OT1/cmss/m/n/10 font
 []


Overfull \hbox (7.7778pt too wide) in paragraph at lines 39--87
\OT1/cmss/m/n/10 =
 []


Overfull \hbox (6.8889pt too wide) in paragraph at lines 39--87
\OT1/cmss/m/n/10 sf
 []


Overfull \hbox (508.32018pt too wide) in paragraph at lines 39--87
[]
 []


Underfull \vbox (badness 10000) has occurred while \output is active []



! LaTeX Error: The font size command \normalsize is not defined:
               there is probably something wrong with the class file.

See the LaTeX manual or LaTeX Companion for explanation.
Type  H <return>  for immediate help.
 ...                                              
                                                  
l.87 
     
Your command was ignored.
Type  I <command> <return>  to replace it with another command,
or  <return>  to continue without it.

[1{/var/lib/texmf/fonts/map/pdftex/updmap/pdftex.map}]

! LaTeX Error: Environment table undefined.

See the LaTeX manual or LaTeX Companion for explanation.
Type  H <return>  for immediate help.
 ...                                              
                                                  
l.88 	\begin{table}
                   [H]
Your command was ignored.
Type  I <command> <return>  to replace it with another command,
or  <return>  to continue without it.


! LaTeX Error: Missing \begin{document}.

See the LaTeX manual or LaTeX Companion for explanation.
Type  H <return>  for immediate help.
 ...                                              
                                                  
l.88 	\begin{table}[
                    H]
You're in trouble here.  Try typing  <return>  to proceed.
If that doesn't work, type  X <return>  to quit.

Missing character: There is no [ in font nullfont!
Missing character: There is no H in font nullfont!
Missing character: There is no ] in font nullfont!
! Undefined control sequence.
l.90 	\sffamily\captionsetup
                            {justification=raggedright,singlelinecheck=false...
The control sequence at the end of the top line
of your error message was never \def'ed. If you have
misspelled it (e.g., `\hobx'), type `I' and the correct
spelling (e.g., `I\hbox'). Otherwise just continue,
and I'll forget about whatever was undefined.


! LaTeX Error: Illegal character in array arg.

See the LaTeX manual or LaTeX Companion for explanation.
Type  H <return>  for immediate help.
 ...                                              
                                                  
l.91 	\begin{tabular}{|m{3.5cm}|m{11cm}|}
                                         
You're in trouble here.  Try typing  <return>  to proceed.
If that doesn't work, type  X <return>  to quit.


! LaTeX Error: Illegal character in array arg.

See the LaTeX manual or LaTeX Companion for explanation.
Type  H <return>  for immediate help.
 ...                                              
                                                  
l.91 	\begin{tabular}{|m{3.5cm}|m{11cm}|}
                                         
You're in trouble here.  Try typing  <return>  to proceed.
If that doesn't work, type  X <return>  to quit.


! LaTeX Error: Illegal character in array arg.

See the LaTeX manual or LaTeX Companion for explanation.
Type  H <return>  for immediate help.
 ...                                              
                                                  
l.91 	\begin{tabular}{|m{3.5cm}|m{11cm}|}
                                         
You're in trouble here.  Try typing  <return>  to proceed.
If that doesn't work, type  X <return>  to quit.


! LaTeX Error:  Illegal character in array arg.

See the LaTeX manual or LaTeX Companion for explanation.
Type  H <return>  for immediate help.
 ...                                              
                                                  
l.91 	\begin{tabular}{|m{3.5cm}|m{11cm}|}
                                         
You're in trouble here.  Try typing  <return>  to proceed.
If that doesn't work, type  X <return>  to quit.


Overfull \hbox (13.55559pt too wide) in paragraph at lines 91--91
 \OT1/cmss/m/n/10 La- 
 []


Overfull \hbox (17.08336pt too wide) in paragraph at lines 91--91
 \OT1/cmss/m/n/10 TeX 
 []


Overfull \hbox (12.72224pt too wide) in paragraph at lines 91--91
 \OT1/cmss/m/n/10 Er- 
 []


Overfull \hbox (14.33339pt too wide) in paragraph at lines 91--91
 \OT1/cmss/m/n/10 ror: 
 []


Overfull \hbox (22.13892pt too wide) in paragraph at lines 91--91
 \OT1/cmss/m/n/10 Miss- 
 []


Overfull \hbox (12.55557pt too wide) in paragraph at lines 91--91
 \OT1/cmss/m/n/10 ing 
 []


Overfull \hbox (18.22224pt too wide) in paragraph at lines 91--91
 \OT1/cmss/m/n/10 doc- 
 []


Overfull \hbox (8.5pt too wide) in paragraph at lines 91--91
 \OT1/cmss/m/n/10 u- 
 []


Overfull \hbox (35.61115pt too wide) in paragraph at lines 91--91
 \OT1/cmss/m/n/10 mentSee 
 []


Overfull \hbox (13.22223pt too wide) in paragraph at lines 91--91
 \OT1/cmss/m/n/10 the 
 []


Overfull \hbox (13.55559pt too wide) in paragraph at lines 91--91
 \OT1/cmss/m/n/10 La- 
 []


Overfull \hbox (17.08336pt too wide) in paragraph at lines 91--91
 \OT1/cmss/m/n/10 TeX 
 []


Overfull \hbox (21.25003pt too wide) in paragraph at lines 91--91
 \OT1/cmss/m/n/10 man- 
 []


Overfull \hbox (12.36113pt too wide) in paragraph at lines 91--91
 \OT1/cmss/m/n/10 ual 
 []


Overfull \hbox (8.13892pt too wide) in paragraph at lines 91--91
 \OT1/cmss/m/n/10 or 
 []


Overfull \hbox (13.55559pt too wide) in paragraph at lines 91--91
 \OT1/cmss/m/n/10 La- 
 []


Overfull \hbox (17.08336pt too wide) in paragraph at lines 91--91
 \OT1/cmss/m/n/10 TeX 
 []


Overfull \hbox (22.6667pt too wide) in paragraph at lines 91--91
 \OT1/cmss/m/n/10 Com- 
 []


Overfull \hbox (18.47224pt too wide) in paragraph at lines 91--91
 \OT1/cmss/m/n/10 pan- 
 []


Overfull \hbox (12.55557pt too wide) in paragraph at lines 91--91
 \OT1/cmss/m/n/10 ion 
 []


Overfull \hbox (11.19449pt too wide) in paragraph at lines 91--91
 \OT1/cmss/m/n/10 for 
 []


Overfull \hbox (12.3889pt too wide) in paragraph at lines 91--91
 \OT1/cmss/m/n/10 ex- 
 []


Overfull \hbox (15.69446pt too wide) in paragraph at lines 91--91
 \OT1/cmss/m/n/10 pla- 
 []


Overfull \hbox (13.30557pt too wide) in paragraph at lines 91--91
 \OT1/cmss/m/n/10 na- 
 []


Overfull \hbox (45.58342pt too wide) in paragraph at lines 91--91
 \OT1/cmss/m/n/10 tion.You're 
 []


Overfull \hbox (7.55556pt too wide) in paragraph at lines 91--91
 \OT1/cmss/m/n/10 in 
 []


Overfull \hbox (20.52782pt too wide) in paragraph at lines 91--91
 \OT1/cmss/m/n/10 trou- 
 []


Overfull \hbox (12.0pt too wide) in paragraph at lines 91--91
 \OT1/cmss/m/n/10 ble 
 []


Overfull \hbox (20.25003pt too wide) in paragraph at lines 91--91
 \OT1/cmss/m/n/10 here. 
 []


Overfull \hbox (14.00005pt too wide) in paragraph at lines 91--91
 \OT1/cmss/m/n/10 Try 
 []


Overfull \hbox (16.44446pt too wide) in paragraph at lines 91--91
 \OT1/cmss/m/n/10 typ- 
 []


Overfull \hbox (12.55557pt too wide) in paragraph at lines 91--91
 \OT1/cmss/m/n/10 ing 
 []


Overfull \hbox (14.3889pt too wide) in paragraph at lines 91--91
 \OT1/cmss/m/n/10 <re- 
 []


Overfull \hbox (22.08337pt too wide) in paragraph at lines 91--91
 \OT1/cmss/m/n/10 turn> 
 []


Overfull \hbox (8.61113pt too wide) in paragraph at lines 91--91
 \OT1/cmss/m/n/10 to 
 []


Overfull \hbox (16.63892pt too wide) in paragraph at lines 91--91
 \OT1/cmss/m/n/10 pro- 
 []


Overfull \hbox (27.11116pt too wide) in paragraph at lines 91--91
 \OT1/cmss/m/n/10 ceed.If 
 []


Overfull \hbox (17.19447pt too wide) in paragraph at lines 91--91
 \OT1/cmss/m/n/10 that 
 []


Overfull \hbox (30.27782pt too wide) in paragraph at lines 91--91
 \OT1/cmss/m/n/10 doesn't 
 []


Overfull \hbox (22.36119pt too wide) in paragraph at lines 91--91
 \OT1/cmss/m/n/10 work, 
 []


Overfull \hbox (17.83336pt too wide) in paragraph at lines 91--91
 \OT1/cmss/m/n/10 type 
 []


Overfull \hbox (6.66669pt too wide) in paragraph at lines 91--91
 \OT1/cmss/m/n/10 X 
 []


Overfull \hbox (14.3889pt too wide) in paragraph at lines 91--91
 \OT1/cmss/m/n/10 <re- 
 []


Overfull \hbox (22.08337pt too wide) in paragraph at lines 91--91
 \OT1/cmss/m/n/10 turn> 
 []


Overfull \hbox (8.61113pt too wide) in paragraph at lines 91--91
 \OT1/cmss/m/n/10 to 
 []


Overfull \hbox (35.94447pt too wide) in paragraph at lines 91--91
 \OT1/cmss/m/n/10 quit.cmc 
 []

! Undefined control sequence.
<recently read> \multirow 
                          
l.101 	\multirow
                {8}{*}{Main Success Scenario} & 1.Company enters the website...
The control sequence at the end of the top line
of your error message was never \def'ed. If you have
misspelled it (e.g., `\hobx'), type `I' and the correct
spelling (e.g., `I\hbox'). Otherwise just continue,
and I'll forget about whatever was undefined.

! Undefined control sequence.
<recently read> \multirow 
                          
l.117 	\multirow
                {10}{*}{Alternate flows} & 2a.Company hits the Sign In butto...
The control sequence at the end of the top line
of your error message was never \def'ed. If you have
misspelled it (e.g., `\hobx'), type `I' and the correct
spelling (e.g., `I\hbox'). Otherwise just continue,
and I'll forget about whatever was undefined.


! LaTeX Error: \begin{document} ended by \end{table}.

See the LaTeX manual or LaTeX Companion for explanation.
Type  H <return>  for immediate help.
 ...                                              
                                                  
l.138 	\end{table}
                  
Your command was ignored.
Type  I <command> <return>  to replace it with another command,
or  <return>  to continue without it.


Overfull \hbox (20.0pt too wide) in paragraph at lines 88--139
[]
 []


Overfull \hbox (15.0pt too wide) in paragraph at lines 88--139
\OT1/cmss/m/n/10 jus-
 []


Overfull \hbox (9.33333pt too wide) in paragraph at lines 88--139
\OT1/cmss/m/n/10 ti-
 []


Overfull \hbox (8.69444pt too wide) in paragraph at lines 88--139
\OT1/cmss/m/n/10 fi-
 []


Overfull \hbox (12.58334pt too wide) in paragraph at lines 88--139
\OT1/cmss/m/n/10 ca-
 []


Overfull \hbox (197.05585pt too wide) in paragraph at lines 88--139
\OT1/cmss/m/n/10 tion=raggedright,singlelinecheck=false,position
 []


Overfull \hbox (7.7778pt too wide) in paragraph at lines 88--139
\OT1/cmss/m/n/10 =
 []


Overfull \hbox (13.22223pt too wide) in paragraph at lines 88--139
\OT1/cmss/m/n/10 be-
 []


Overfull \hbox (16.72226pt too wide) in paragraph at lines 88--139
\OT1/cmss/m/n/10 low,
 []


Overfull \hbox (16.83337pt too wide) in paragraph at lines 88--139
\OT1/cmss/m/n/10 font
 []


Overfull \hbox (7.7778pt too wide) in paragraph at lines 88--139
\OT1/cmss/m/n/10 =
 []


Overfull \hbox (6.8889pt too wide) in paragraph at lines 88--139
\OT1/cmss/m/n/10 sf
 []


Overfull \hbox (483.86177pt too wide) in paragraph at lines 88--139
[]
 []


! LaTeX Error: Environment table undefined.

See the LaTeX manual or LaTeX Companion for explanation.
Type  H <return>  for immediate help.
 ...                                              
                                                  
l.140 	\begin{table}
                    [H]
Your command was ignored.
Type  I <command> <return>  to replace it with another command,
or  <return>  to continue without it.


! LaTeX Error: Missing \begin{document}.

See the LaTeX manual or LaTeX Companion for explanation.
Type  H <return>  for immediate help.
 ...                                              
                                                  
l.140 	\begin{table}[
                     H]
You're in trouble here.  Try typing  <return>  to proceed.
If that doesn't work, type  X <return>  to quit.

Missing character: There is no [ in font nullfont!
Missing character: There is no H in font nullfont!
Missing character: There is no ] in font nullfont!
! Undefined control sequence.
l.141 	\sffamily\captionsetup
                             {justification=raggedright,singlelinecheck=fals...
The control sequence at the end of the top line
of your error message was never \def'ed. If you have
misspelled it (e.g., `\hobx'), type `I' and the correct
spelling (e.g., `I\hbox'). Otherwise just continue,
and I'll forget about whatever was undefined.


! LaTeX Error: Illegal character in array arg.

See the LaTeX manual or LaTeX Companion for explanation.
Type  H <return>  for immediate help.
 ...                                              
                                                  
l.142 	\begin{tabular}{|m{3.5cm}|m{11cm}|}
                                          
You're in trouble here.  Try typing  <return>  to proceed.
If that doesn't work, type  X <return>  to quit.


! LaTeX Error: Illegal character in array arg.

See the LaTeX manual or LaTeX Companion for explanation.
Type  H <return>  for immediate help.
 ...                                              
                                                  
l.142 	\begin{tabular}{|m{3.5cm}|m{11cm}|}
                                          
You're in trouble here.  Try typing  <return>  to proceed.
If that doesn't work, type  X <return>  to quit.


! LaTeX Error: Illegal character in array arg.

See the LaTeX manual or LaTeX Companion for explanation.
Type  H <return>  for immediate help.
 ...                                              
                                                  
l.142 	\begin{tabular}{|m{3.5cm}|m{11cm}|}
                                          
You're in trouble here.  Try typing  <return>  to proceed.
If that doesn't work, type  X <return>  to quit.


! LaTeX Error:  Illegal character in array arg.

See the LaTeX manual or LaTeX Companion for explanation.
Type  H <return>  for immediate help.
 ...                                              
                                                  
l.142 	\begin{tabular}{|m{3.5cm}|m{11cm}|}
                                          
You're in trouble here.  Try typing  <return>  to proceed.
If that doesn't work, type  X <return>  to quit.


Overfull \hbox (20.0pt too wide) in paragraph at lines 142--142
[]
 []


Overfull \hbox (13.55559pt too wide) in paragraph at lines 142--142
\OT1/cmss/m/n/10 La-
 []


Overfull \hbox (17.08336pt too wide) in paragraph at lines 142--142
\OT1/cmss/m/n/10 TeX
 []


Overfull \hbox (12.72224pt too wide) in paragraph at lines 142--142
\OT1/cmss/m/n/10 Er-
 []


Overfull \hbox (14.33339pt too wide) in paragraph at lines 142--142
\OT1/cmss/m/n/10 ror:
 []


Overfull \hbox (22.13892pt too wide) in paragraph at lines 142--142
\OT1/cmss/m/n/10 Miss-
 []


Overfull \hbox (12.55557pt too wide) in paragraph at lines 142--142
\OT1/cmss/m/n/10 ing
 []


Overfull \hbox (18.22224pt too wide) in paragraph at lines 142--142
\OT1/cmss/m/n/10 doc-
 []


Overfull \hbox (8.5pt too wide) in paragraph at lines 142--142
\OT1/cmss/m/n/10 u-
 []


Overfull \hbox (35.61115pt too wide) in paragraph at lines 142--142
\OT1/cmss/m/n/10 mentSee
 []


Overfull \hbox (13.22223pt too wide) in paragraph at lines 142--142
\OT1/cmss/m/n/10 the
 []


Overfull \hbox (13.55559pt too wide) in paragraph at lines 142--142
\OT1/cmss/m/n/10 La-
 []


Overfull \hbox (17.08336pt too wide) in paragraph at lines 142--142
\OT1/cmss/m/n/10 TeX
 []


Overfull \hbox (21.25003pt too wide) in paragraph at lines 142--142
\OT1/cmss/m/n/10 man-
 []


Overfull \hbox (12.36113pt too wide) in paragraph at lines 142--142
\OT1/cmss/m/n/10 ual
 []


Overfull \hbox (8.13892pt too wide) in paragraph at lines 142--142
\OT1/cmss/m/n/10 or
 []


Overfull \hbox (13.55559pt too wide) in paragraph at lines 142--142
\OT1/cmss/m/n/10 La-
 []


Overfull \hbox (17.08336pt too wide) in paragraph at lines 142--142
\OT1/cmss/m/n/10 TeX
 []


Overfull \hbox (22.6667pt too wide) in paragraph at lines 142--142
\OT1/cmss/m/n/10 Com-
 []


Overfull \hbox (18.47224pt too wide) in paragraph at lines 142--142
\OT1/cmss/m/n/10 pan-
 []


Overfull \hbox (12.55557pt too wide) in paragraph at lines 142--142
\OT1/cmss/m/n/10 ion
 []


Overfull \hbox (11.19449pt too wide) in paragraph at lines 142--142
\OT1/cmss/m/n/10 for
 []


Overfull \hbox (12.3889pt too wide) in paragraph at lines 142--142
\OT1/cmss/m/n/10 ex-
 []


Overfull \hbox (15.69446pt too wide) in paragraph at lines 142--142
\OT1/cmss/m/n/10 pla-
 []


Overfull \hbox (13.30557pt too wide) in paragraph at lines 142--142
\OT1/cmss/m/n/10 na-
 []


Overfull \hbox (45.58342pt too wide) in paragraph at lines 142--142
\OT1/cmss/m/n/10 tion.You're
 []


Overfull \hbox (7.55556pt too wide) in paragraph at lines 142--142
\OT1/cmss/m/n/10 in
 []


Overfull \hbox (20.52782pt too wide) in paragraph at lines 142--142
\OT1/cmss/m/n/10 trou-
 []


Overfull \hbox (12.0pt too wide) in paragraph at lines 142--142
\OT1/cmss/m/n/10 ble
 []


Overfull \hbox (20.25003pt too wide) in paragraph at lines 142--142
\OT1/cmss/m/n/10 here.
 []


Overfull \hbox (14.00005pt too wide) in paragraph at lines 142--142
\OT1/cmss/m/n/10 Try
 []


Overfull \hbox (16.44446pt too wide) in paragraph at lines 142--142
\OT1/cmss/m/n/10 typ-
 []


Overfull \hbox (12.55557pt too wide) in paragraph at lines 142--142
\OT1/cmss/m/n/10 ing
 []


Overfull \hbox (14.3889pt too wide) in paragraph at lines 142--142
\OT1/cmss/m/n/10 <re-
 []


Overfull \hbox (22.08337pt too wide) in paragraph at lines 142--142
\OT1/cmss/m/n/10 turn>
 []


Overfull \hbox (8.61113pt too wide) in paragraph at lines 142--142
\OT1/cmss/m/n/10 to
 []


Overfull \hbox (16.63892pt too wide) in paragraph at lines 142--142
\OT1/cmss/m/n/10 pro-
 []


Overfull \hbox (27.11116pt too wide) in paragraph at lines 142--142
\OT1/cmss/m/n/10 ceed.If
 []


Overfull \hbox (17.19447pt too wide) in paragraph at lines 142--142
\OT1/cmss/m/n/10 that
 []


Overfull \hbox (30.27782pt too wide) in paragraph at lines 142--142
\OT1/cmss/m/n/10 doesn't
 []


Overfull \hbox (22.36119pt too wide) in paragraph at lines 142--142
\OT1/cmss/m/n/10 work,
 []


Overfull \hbox (17.83336pt too wide) in paragraph at lines 142--142
\OT1/cmss/m/n/10 type
 []


Overfull \hbox (6.66669pt too wide) in paragraph at lines 142--142
\OT1/cmss/m/n/10 X
 []


Overfull \hbox (14.3889pt too wide) in paragraph at lines 142--142
\OT1/cmss/m/n/10 <re-
 []


Overfull \hbox (22.08337pt too wide) in paragraph at lines 142--142
\OT1/cmss/m/n/10 turn>
 []


Overfull \hbox (8.61113pt too wide) in paragraph at lines 142--142
\OT1/cmss/m/n/10 to
 []


Overfull \hbox (35.94447pt too wide) in paragraph at lines 142--142
\OT1/cmss/m/n/10 quit.cmc 
 []

! Undefined control sequence.
<recently read> \multirow 
                          
l.151 	\multirow
                {10}{*}{Main Success Scenario} & 1.User chose a company, whi...
The control sequence at the end of the top line
of your error message was never \def'ed. If you have
misspelled it (e.g., `\hobx'), type `I' and the correct
spelling (e.g., `I\hbox'). Otherwise just continue,
and I'll forget about whatever was undefined.

! Undefined control sequence.
<recently read> \multirow 
                          
l.171 	\multirow
                {3}{*}{Alternate flows} & 5a.Survey rejected, validation did...
The control sequence at the end of the top line
of your error message was never \def'ed. If you have
misspelled it (e.g., `\hobx'), type `I' and the correct
spelling (e.g., `I\hbox'). Otherwise just continue,
and I'll forget about whatever was undefined.

! Undefined control sequence.
l.177 	\multirow
                {3}{*}{Alternate flows} & 9a.User passed e-mail that don't m...
The control sequence at the end of the top line
of your error message was never \def'ed. If you have
misspelled it (e.g., `\hobx'), type `I' and the correct
spelling (e.g., `I\hbox'). Otherwise just continue,
and I'll forget about whatever was undefined.


! LaTeX Error: \begin{document} ended by \end{table}.

See the LaTeX manual or LaTeX Companion for explanation.
Type  H <return>  for immediate help.
 ...                                              
                                                  
l.184 	\end{table}
                  
Your command was ignored.
Type  I <command> <return>  to replace it with another command,
or  <return>  to continue without it.


Overfull \hbox (20.0pt too wide) in paragraph at lines 140--185
[]
 []


Overfull \hbox (15.0pt too wide) in paragraph at lines 140--185
\OT1/cmss/m/n/10 jus-
 []


Overfull \hbox (9.33333pt too wide) in paragraph at lines 140--185
\OT1/cmss/m/n/10 ti-
 []


Overfull \hbox (8.69444pt too wide) in paragraph at lines 140--185
\OT1/cmss/m/n/10 fi-
 []


Overfull \hbox (12.58334pt too wide) in paragraph at lines 140--185
\OT1/cmss/m/n/10 ca-
 []


Overfull \hbox (197.05585pt too wide) in paragraph at lines 140--185
\OT1/cmss/m/n/10 tion=raggedright,singlelinecheck=false,position
 []


Overfull \hbox (7.7778pt too wide) in paragraph at lines 140--185
\OT1/cmss/m/n/10 =
 []


Overfull \hbox (13.22223pt too wide) in paragraph at lines 140--185
\OT1/cmss/m/n/10 be-
 []


Overfull \hbox (16.72226pt too wide) in paragraph at lines 140--185
\OT1/cmss/m/n/10 low,
 []


Overfull \hbox (16.83337pt too wide) in paragraph at lines 140--185
\OT1/cmss/m/n/10 font
 []


Overfull \hbox (7.7778pt too wide) in paragraph at lines 140--185
\OT1/cmss/m/n/10 =
 []


Overfull \hbox (6.8889pt too wide) in paragraph at lines 140--185
\OT1/cmss/m/n/10 sf
 []


Overfull \hbox (538.95898pt too wide) in paragraph at lines 140--185
[]
 []


! LaTeX Error: Environment table undefined.

See the LaTeX manual or LaTeX Companion for explanation.
Type  H <return>  for immediate help.
 ...                                              
                                                  
l.187 	\begin{table}
                    [H]
Your command was ignored.
Type  I <command> <return>  to replace it with another command,
or  <return>  to continue without it.


! LaTeX Error: Missing \begin{document}.

See the LaTeX manual or LaTeX Companion for explanation.
Type  H <return>  for immediate help.
 ...                                              
                                                  
l.187 	\begin{table}[
                     H]
You're in trouble here.  Try typing  <return>  to proceed.
If that doesn't work, type  X <return>  to quit.

Missing character: There is no [ in font nullfont!
Missing character: There is no H in font nullfont!
Missing character: There is no ] in font nullfont!
! Undefined control sequence.
l.188 	\sffamily\captionsetup
                             {justification=raggedright,singlelinecheck=fals...
The control sequence at the end of the top line
of your error message was never \def'ed. If you have
misspelled it (e.g., `\hobx'), type `I' and the correct
spelling (e.g., `I\hbox'). Otherwise just continue,
and I'll forget about whatever was undefined.


! LaTeX Error: Illegal character in array arg.

See the LaTeX manual or LaTeX Companion for explanation.
Type  H <return>  for immediate help.
 ...                                              
                                                  
l.189 	\begin{tabular}{|m{3.5cm}|m{11cm}|}
                                          
You're in trouble here.  Try typing  <return>  to proceed.
If that doesn't work, type  X <return>  to quit.


! LaTeX Error: Illegal character in array arg.

See the LaTeX manual or LaTeX Companion for explanation.
Type  H <return>  for immediate help.
 ...                                              
                                                  
l.189 	\begin{tabular}{|m{3.5cm}|m{11cm}|}
                                          
You're in trouble here.  Try typing  <return>  to proceed.
If that doesn't work, type  X <return>  to quit.


! LaTeX Error: Illegal character in array arg.

See the LaTeX manual or LaTeX Companion for explanation.
Type  H <return>  for immediate help.
 ...                                              
                                                  
l.189 	\begin{tabular}{|m{3.5cm}|m{11cm}|}
                                          
You're in trouble here.  Try typing  <return>  to proceed.
If that doesn't work, type  X <return>  to quit.


! LaTeX Error:  Illegal character in array arg.

See the LaTeX manual or LaTeX Companion for explanation.
Type  H <return>  for immediate help.
 ...                                              
                                                  
l.189 	\begin{tabular}{|m{3.5cm}|m{11cm}|}
                                          
You're in trouble here.  Try typing  <return>  to proceed.
If that doesn't work, type  X <return>  to quit.


Overfull \hbox (20.0pt too wide) in paragraph at lines 189--189
[]
 []


Overfull \hbox (13.55559pt too wide) in paragraph at lines 189--189
\OT1/cmss/m/n/10 La-
 []


Overfull \hbox (17.08336pt too wide) in paragraph at lines 189--189
\OT1/cmss/m/n/10 TeX
 []


Overfull \hbox (12.72224pt too wide) in paragraph at lines 189--189
\OT1/cmss/m/n/10 Er-
 []


Overfull \hbox (14.33339pt too wide) in paragraph at lines 189--189
\OT1/cmss/m/n/10 ror:
 []


Overfull \hbox (22.13892pt too wide) in paragraph at lines 189--189
\OT1/cmss/m/n/10 Miss-
 []


Overfull \hbox (12.55557pt too wide) in paragraph at lines 189--189
\OT1/cmss/m/n/10 ing
 []


Overfull \hbox (18.22224pt too wide) in paragraph at lines 189--189
\OT1/cmss/m/n/10 doc-
 []


Overfull \hbox (8.5pt too wide) in paragraph at lines 189--189
\OT1/cmss/m/n/10 u-
 []


Overfull \hbox (35.61115pt too wide) in paragraph at lines 189--189
\OT1/cmss/m/n/10 mentSee
 []


Overfull \hbox (13.22223pt too wide) in paragraph at lines 189--189
\OT1/cmss/m/n/10 the
 []


Overfull \hbox (13.55559pt too wide) in paragraph at lines 189--189
\OT1/cmss/m/n/10 La-
 []


Overfull \hbox (17.08336pt too wide) in paragraph at lines 189--189
\OT1/cmss/m/n/10 TeX
 []


Overfull \hbox (21.25003pt too wide) in paragraph at lines 189--189
\OT1/cmss/m/n/10 man-
 []


Overfull \hbox (12.36113pt too wide) in paragraph at lines 189--189
\OT1/cmss/m/n/10 ual
 []


Overfull \hbox (8.13892pt too wide) in paragraph at lines 189--189
\OT1/cmss/m/n/10 or
 []


Overfull \hbox (13.55559pt too wide) in paragraph at lines 189--189
\OT1/cmss/m/n/10 La-
 []


Overfull \hbox (17.08336pt too wide) in paragraph at lines 189--189
\OT1/cmss/m/n/10 TeX
 []


Overfull \hbox (22.6667pt too wide) in paragraph at lines 189--189
\OT1/cmss/m/n/10 Com-
 []


Overfull \hbox (18.47224pt too wide) in paragraph at lines 189--189
\OT1/cmss/m/n/10 pan-
 []


Overfull \hbox (12.55557pt too wide) in paragraph at lines 189--189
\OT1/cmss/m/n/10 ion
 []


Overfull \hbox (11.19449pt too wide) in paragraph at lines 189--189
\OT1/cmss/m/n/10 for
 []


Overfull \hbox (12.3889pt too wide) in paragraph at lines 189--189
\OT1/cmss/m/n/10 ex-
 []


Overfull \hbox (15.69446pt too wide) in paragraph at lines 189--189
\OT1/cmss/m/n/10 pla-
 []


Overfull \hbox (13.30557pt too wide) in paragraph at lines 189--189
\OT1/cmss/m/n/10 na-
 []


Overfull \hbox (45.58342pt too wide) in paragraph at lines 189--189
\OT1/cmss/m/n/10 tion.You're
 []


Overfull \hbox (7.55556pt too wide) in paragraph at lines 189--189
\OT1/cmss/m/n/10 in
 []


Overfull \hbox (20.52782pt too wide) in paragraph at lines 189--189
\OT1/cmss/m/n/10 trou-
 []


Overfull \hbox (12.0pt too wide) in paragraph at lines 189--189
\OT1/cmss/m/n/10 ble
 []


Overfull \hbox (20.25003pt too wide) in paragraph at lines 189--189
\OT1/cmss/m/n/10 here.
 []


Overfull \hbox (14.00005pt too wide) in paragraph at lines 189--189
\OT1/cmss/m/n/10 Try
 []


Overfull \hbox (16.44446pt too wide) in paragraph at lines 189--189
\OT1/cmss/m/n/10 typ-
 []


Overfull \hbox (12.55557pt too wide) in paragraph at lines 189--189
\OT1/cmss/m/n/10 ing
 []


Overfull \hbox (14.3889pt too wide) in paragraph at lines 189--189
\OT1/cmss/m/n/10 <re-
 []


Overfull \hbox (22.08337pt too wide) in paragraph at lines 189--189
\OT1/cmss/m/n/10 turn>
 []


Overfull \hbox (8.61113pt too wide) in paragraph at lines 189--189
\OT1/cmss/m/n/10 to
 []


Overfull \hbox (16.63892pt too wide) in paragraph at lines 189--189
\OT1/cmss/m/n/10 pro-
 []


Overfull \hbox (27.11116pt too wide) in paragraph at lines 189--189
\OT1/cmss/m/n/10 ceed.If
 []


Overfull \hbox (17.19447pt too wide) in paragraph at lines 189--189
\OT1/cmss/m/n/10 that
 []


Overfull \hbox (30.27782pt too wide) in paragraph at lines 189--189
\OT1/cmss/m/n/10 doesn't
 []


Overfull \hbox (22.36119pt too wide) in paragraph at lines 189--189
\OT1/cmss/m/n/10 work,
 []


Overfull \hbox (17.83336pt too wide) in paragraph at lines 189--189
\OT1/cmss/m/n/10 type
 []


Overfull \hbox (6.66669pt too wide) in paragraph at lines 189--189
\OT1/cmss/m/n/10 X
 []


Overfull \hbox (14.3889pt too wide) in paragraph at lines 189--189
\OT1/cmss/m/n/10 <re-
 []


Overfull \hbox (22.08337pt too wide) in paragraph at lines 189--189
\OT1/cmss/m/n/10 turn>
 []


Overfull \hbox (8.61113pt too wide) in paragraph at lines 189--189
\OT1/cmss/m/n/10 to
 []


Overfull \hbox (35.94447pt too wide) in paragraph at lines 189--189
\OT1/cmss/m/n/10 quit.cmc 
 []

! Undefined control sequence.
<recently read> \multirow 
                          
l.199 	\multirow
                {5}{*}{Main Success Scenario} & 1.Company hits ‚ÄûAdd vouche...
The control sequence at the end of the top line
of your error message was never \def'ed. If you have
misspelled it (e.g., `\hobx'), type `I' and the correct
spelling (e.g., `I\hbox'). Otherwise just continue,
and I'll forget about whatever was undefined.

Missing character: There is no ‚ in font cmss10!
Missing character: There is no Ä in font cmss10!
Missing character: There is no û in font cmss10!
Missing character: There is no ‚ in font cmss10!
Missing character: There is no Ä in font cmss10!
Missing character: There is no ù in font cmss10!
Missing character: There is no ‚ in font cmss10!
Missing character: There is no Ä in font cmss10!
Missing character: There is no û in font cmss10!
Missing character: There is no ‚ in font cmss10!
Missing character: There is no Ä in font cmss10!
Missing character: There is no ù in font cmss10!
Missing character: There is no ‚ in font cmss10!
Missing character: There is no Ä in font cmss10!
Missing character: There is no û in font cmss10!
Missing character: There is no ‚ in font cmss10!
Missing character: There is no Ä in font cmss10!
Missing character: There is no ù in font cmss10!
! Undefined control sequence.
<recently read> \multirow 
                          
l.209 	\multirow
                {6}{*}{Alternate flows} & 5a. Voucher already exist: \\
The control sequence at the end of the top line
of your error message was never \def'ed. If you have
misspelled it (e.g., `\hobx'), type `I' and the correct
spelling (e.g., `I\hbox'). Otherwise just continue,
and I'll forget about whatever was undefined.


! LaTeX Error: \begin{document} ended by \end{table}.

See the LaTeX manual or LaTeX Companion for explanation.
Type  H <return>  for immediate help.
 ...                                              
                                                  
l.223 	\end{table}
                  
Your command was ignored.
Type  I <command> <return>  to replace it with another command,
or  <return>  to continue without it.


Overfull \hbox (20.0pt too wide) in paragraph at lines 187--224
[]
 []


Overfull \hbox (15.0pt too wide) in paragraph at lines 187--224
\OT1/cmss/m/n/10 jus-
 []


Overfull \hbox (9.33333pt too wide) in paragraph at lines 187--224
\OT1/cmss/m/n/10 ti-
 []


Overfull \hbox (8.69444pt too wide) in paragraph at lines 187--224
\OT1/cmss/m/n/10 fi-
 []


Overfull \hbox (12.58334pt too wide) in paragraph at lines 187--224
\OT1/cmss/m/n/10 ca-
 []


Overfull \hbox (197.05585pt too wide) in paragraph at lines 187--224
\OT1/cmss/m/n/10 tion=raggedright,singlelinecheck=false,position
 []


Overfull \hbox (7.7778pt too wide) in paragraph at lines 187--224
\OT1/cmss/m/n/10 =
 []


Overfull \hbox (13.22223pt too wide) in paragraph at lines 187--224
\OT1/cmss/m/n/10 be-
 []


Overfull \hbox (16.72226pt too wide) in paragraph at lines 187--224
\OT1/cmss/m/n/10 low,
 []


Overfull \hbox (16.83337pt too wide) in paragraph at lines 187--224
\OT1/cmss/m/n/10 font
 []


Overfull \hbox (7.7778pt too wide) in paragraph at lines 187--224
\OT1/cmss/m/n/10 =
 []


Overfull \hbox (6.8889pt too wide) in paragraph at lines 187--224
\OT1/cmss/m/n/10 sf
 []


Overfull \hbox (513.11165pt too wide) in paragraph at lines 187--224
[]
 []


! LaTeX Error: Environment table undefined.

See the LaTeX manual or LaTeX Companion for explanation.
Type  H <return>  for immediate help.
 ...                                              
                                                  
l.225 	\begin{table}
                    [H]
Your command was ignored.
Type  I <command> <return>  to replace it with another command,
or  <return>  to continue without it.


! LaTeX Error: Missing \begin{document}.

See the LaTeX manual or LaTeX Companion for explanation.
Type  H <return>  for immediate help.
 ...                                              
                                                  
l.225 	\begin{table}[
                     H]
You're in trouble here.  Try typing  <return>  to proceed.
If that doesn't work, type  X <return>  to quit.

Missing character: There is no [ in font nullfont!
Missing character: There is no H in font nullfont!
Missing character: There is no ] in font nullfont!
! Undefined control sequence.
l.226 	\sffamily\captionsetup
                             {justification=raggedright,singlelinecheck=fals...
The control sequence at the end of the top line
of your error message was never \def'ed. If you have
misspelled it (e.g., `\hobx'), type `I' and the correct
spelling (e.g., `I\hbox'). Otherwise just continue,
and I'll forget about whatever was undefined.


! LaTeX Error: Illegal character in array arg.

See the LaTeX manual or LaTeX Companion for explanation.
Type  H <return>  for immediate help.
 ...                                              
                                                  
l.227 	\begin{tabular}{|m{3.5cm}|m{11cm}|}
                                          
You're in trouble here.  Try typing  <return>  to proceed.
If that doesn't work, type  X <return>  to quit.


! LaTeX Error: Illegal character in array arg.

See the LaTeX manual or LaTeX Companion for explanation.
Type  H <return>  for immediate help.
 ...                                              
                                                  
l.227 	\begin{tabular}{|m{3.5cm}|m{11cm}|}
                                          
You're in trouble here.  Try typing  <return>  to proceed.
If that doesn't work, type  X <return>  to quit.


! LaTeX Error: Illegal character in array arg.

See the LaTeX manual or LaTeX Companion for explanation.
Type  H <return>  for immediate help.
 ...                                              
                                                  
l.227 	\begin{tabular}{|m{3.5cm}|m{11cm}|}
                                          
You're in trouble here.  Try typing  <return>  to proceed.
If that doesn't work, type  X <return>  to quit.


! LaTeX Error:  Illegal character in array arg.

See the LaTeX manual or LaTeX Companion for explanation.
Type  H <return>  for immediate help.
 ...                                              
                                                  
l.227 	\begin{tabular}{|m{3.5cm}|m{11cm}|}
                                          
You're in trouble here.  Try typing  <return>  to proceed.
If that doesn't work, type  X <return>  to quit.


Overfull \hbox (20.0pt too wide) in paragraph at lines 227--227
[]
 []


Overfull \hbox (13.55559pt too wide) in paragraph at lines 227--227
\OT1/cmss/m/n/10 La-
 []


Overfull \hbox (17.08336pt too wide) in paragraph at lines 227--227
\OT1/cmss/m/n/10 TeX
 []


Overfull \hbox (12.72224pt too wide) in paragraph at lines 227--227
\OT1/cmss/m/n/10 Er-
 []


Overfull \hbox (14.33339pt too wide) in paragraph at lines 227--227
\OT1/cmss/m/n/10 ror:
 []


Overfull \hbox (22.13892pt too wide) in paragraph at lines 227--227
\OT1/cmss/m/n/10 Miss-
 []


Overfull \hbox (12.55557pt too wide) in paragraph at lines 227--227
\OT1/cmss/m/n/10 ing
 []


Overfull \hbox (18.22224pt too wide) in paragraph at lines 227--227
\OT1/cmss/m/n/10 doc-
 []


Overfull \hbox (8.5pt too wide) in paragraph at lines 227--227
\OT1/cmss/m/n/10 u-
 []


Overfull \hbox (35.61115pt too wide) in paragraph at lines 227--227
\OT1/cmss/m/n/10 mentSee
 []


Overfull \hbox (13.22223pt too wide) in paragraph at lines 227--227
\OT1/cmss/m/n/10 the
 []


Overfull \hbox (13.55559pt too wide) in paragraph at lines 227--227
\OT1/cmss/m/n/10 La-
 []


Overfull \hbox (17.08336pt too wide) in paragraph at lines 227--227
\OT1/cmss/m/n/10 TeX
 []


Overfull \hbox (21.25003pt too wide) in paragraph at lines 227--227
\OT1/cmss/m/n/10 man-
 []


Overfull \hbox (12.36113pt too wide) in paragraph at lines 227--227
\OT1/cmss/m/n/10 ual
 []


Overfull \hbox (8.13892pt too wide) in paragraph at lines 227--227
\OT1/cmss/m/n/10 or
 []


Overfull \hbox (13.55559pt too wide) in paragraph at lines 227--227
\OT1/cmss/m/n/10 La-
 []


Overfull \hbox (17.08336pt too wide) in paragraph at lines 227--227
\OT1/cmss/m/n/10 TeX
 []


Overfull \hbox (22.6667pt too wide) in paragraph at lines 227--227
\OT1/cmss/m/n/10 Com-
 []


Overfull \hbox (18.47224pt too wide) in paragraph at lines 227--227
\OT1/cmss/m/n/10 pan-
 []


Overfull \hbox (12.55557pt too wide) in paragraph at lines 227--227
\OT1/cmss/m/n/10 ion
 []


Overfull \hbox (11.19449pt too wide) in paragraph at lines 227--227
\OT1/cmss/m/n/10 for
 []


Overfull \hbox (12.3889pt too wide) in paragraph at lines 227--227
\OT1/cmss/m/n/10 ex-
 []


Overfull \hbox (15.69446pt too wide) in paragraph at lines 227--227
\OT1/cmss/m/n/10 pla-
 []


Overfull \hbox (13.30557pt too wide) in paragraph at lines 227--227
\OT1/cmss/m/n/10 na-
 []


Overfull \hbox (45.58342pt too wide) in paragraph at lines 227--227
\OT1/cmss/m/n/10 tion.You're
 []


Overfull \hbox (7.55556pt too wide) in paragraph at lines 227--227
\OT1/cmss/m/n/10 in
 []


Overfull \hbox (20.52782pt too wide) in paragraph at lines 227--227
\OT1/cmss/m/n/10 trou-
 []


Overfull \hbox (12.0pt too wide) in paragraph at lines 227--227
\OT1/cmss/m/n/10 ble
 []


Overfull \hbox (20.25003pt too wide) in paragraph at lines 227--227
\OT1/cmss/m/n/10 here.
 []


Overfull \hbox (14.00005pt too wide) in paragraph at lines 227--227
\OT1/cmss/m/n/10 Try
 []


Overfull \hbox (16.44446pt too wide) in paragraph at lines 227--227
\OT1/cmss/m/n/10 typ-
 []


Overfull \hbox (12.55557pt too wide) in paragraph at lines 227--227
\OT1/cmss/m/n/10 ing
 []


Overfull \hbox (14.3889pt too wide) in paragraph at lines 227--227
\OT1/cmss/m/n/10 <re-
 []


Overfull \hbox (22.08337pt too wide) in paragraph at lines 227--227
\OT1/cmss/m/n/10 turn>
 []


Overfull \hbox (8.61113pt too wide) in paragraph at lines 227--227
\OT1/cmss/m/n/10 to
 []


Overfull \hbox (16.63892pt too wide) in paragraph at lines 227--227
\OT1/cmss/m/n/10 pro-
 []


Overfull \hbox (27.11116pt too wide) in paragraph at lines 227--227
\OT1/cmss/m/n/10 ceed.If
 []


Overfull \hbox (17.19447pt too wide) in paragraph at lines 227--227
\OT1/cmss/m/n/10 that
 []


Overfull \hbox (30.27782pt too wide) in paragraph at lines 227--227
\OT1/cmss/m/n/10 doesn't
 []


Overfull \hbox (22.36119pt too wide) in paragraph at lines 227--227
\OT1/cmss/m/n/10 work,
 []


Overfull \hbox (17.83336pt too wide) in paragraph at lines 227--227
\OT1/cmss/m/n/10 type
 []


Overfull \hbox (6.66669pt too wide) in paragraph at lines 227--227
\OT1/cmss/m/n/10 X
 []


Overfull \hbox (14.3889pt too wide) in paragraph at lines 227--227
\OT1/cmss/m/n/10 <re-
 []


Overfull \hbox (22.08337pt too wide) in paragraph at lines 227--227
\OT1/cmss/m/n/10 turn>
 []


Overfull \hbox (8.61113pt too wide) in paragraph at lines 227--227
\OT1/cmss/m/n/10 to
 []


Overfull \hbox (35.94447pt too wide) in paragraph at lines 227--227
\OT1/cmss/m/n/10 quit.cmc 
 []

Missing character: There is no ‚ in font cmss10!
Missing character: There is no Ä in font cmss10!
Missing character: There is no ô in font cmss10!
! Undefined control sequence.
<recently read> \multirow 
                          
l.237 	\multirow
                {5}{*}{Main Success Scenario} & 1.Company hits ‚ÄûDelete acc...
The control sequence at the end of the top line
of your error message was never \def'ed. If you have
misspelled it (e.g., `\hobx'), type `I' and the correct
spelling (e.g., `I\hbox'). Otherwise just continue,
and I'll forget about whatever was undefined.

Missing character: There is no ‚ in font cmss10!
Missing character: There is no Ä in font cmss10!
Missing character: There is no û in font cmss10!
Missing character: There is no ‚ in font cmss10!
Missing character: There is no Ä in font cmss10!
Missing character: There is no ù in font cmss10!
Missing character: There is no ‚ in font cmss10!
Missing character: There is no Ä in font cmss10!
Missing character: There is no û in font cmss10!
Missing character: There is no ‚ in font cmss10!
Missing character: There is no Ä in font cmss10!
Missing character: There is no ù in font cmss10!

! LaTeX Error: \begin{document} ended by \end{table}.

See the LaTeX manual or LaTeX Companion for explanation.
Type  H <return>  for immediate help.
 ...                                              
                                                  
l.248 \end{table}
                 
Your command was ignored.
Type  I <command> <return>  to replace it with another command,
or  <return>  to continue without it.


Overfull \hbox (20.0pt too wide) in paragraph at lines 225--249
[]
 []


Overfull \hbox (15.0pt too wide) in paragraph at lines 225--249
\OT1/cmss/m/n/10 jus-
 []


Overfull \hbox (9.33333pt too wide) in paragraph at lines 225--249
\OT1/cmss/m/n/10 ti-
 []


Overfull \hbox (8.69444pt too wide) in paragraph at lines 225--249
\OT1/cmss/m/n/10 fi-
 []


Overfull \hbox (12.58334pt too wide) in paragraph at lines 225--249
\OT1/cmss/m/n/10 ca-
 []


Overfull \hbox (197.05585pt too wide) in paragraph at lines 225--249
\OT1/cmss/m/n/10 tion=raggedright,singlelinecheck=false,position
 []


Overfull \hbox (7.7778pt too wide) in paragraph at lines 225--249
\OT1/cmss/m/n/10 =
 []


Overfull \hbox (13.22223pt too wide) in paragraph at lines 225--249
\OT1/cmss/m/n/10 be-
 []


Overfull \hbox (16.72226pt too wide) in paragraph at lines 225--249
\OT1/cmss/m/n/10 low,
 []


Overfull \hbox (16.83337pt too wide) in paragraph at lines 225--249
\OT1/cmss/m/n/10 font
 []


Overfull \hbox (7.7778pt too wide) in paragraph at lines 225--249
\OT1/cmss/m/n/10 =
 []


Overfull \hbox (6.8889pt too wide) in paragraph at lines 225--249
\OT1/cmss/m/n/10 sf
 []


Overfull \hbox (464.33398pt too wide) in paragraph at lines 225--249
[]
 []

! Undefined control sequence.
l.250 \section
              {Diagram aktywno≈õci}
The control sequence at the end of the top line
of your error message was never \def'ed. If you have
misspelled it (e.g., `\hobx'), type `I' and the correct
spelling (e.g., `I\hbox'). Otherwise just continue,
and I'll forget about whatever was undefined.


! LaTeX Error: Missing \begin{document}.

See the LaTeX manual or LaTeX Companion for explanation.
Type  H <return>  for immediate help.
 ...                                              
                                                  
l.250 \section{D
                iagram aktywno≈õci}
You're in trouble here.  Try typing  <return>  to proceed.
If that doesn't work, type  X <return>  to quit.

Missing character: There is no D in font nullfont!
Missing character: There is no i in font nullfont!
Missing character: There is no a in font nullfont!
Missing character: There is no g in font nullfont!
Missing character: There is no r in font nullfont!
Missing character: There is no a in font nullfont!
Missing character: There is no m in font nullfont!
Missing character: There is no a in font nullfont!
Missing character: There is no k in font nullfont!
Missing character: There is no t in font nullfont!
Missing character: There is no y in font nullfont!
Missing character: There is no w in font nullfont!
Missing character: There is no n in font nullfont!
Missing character: There is no o in font nullfont!
Missing character: There is no ≈ in font nullfont!
Missing character: There is no õ in font nullfont!
Missing character: There is no c in font nullfont!
Missing character: There is no i in font nullfont!

Overfull \hbox (20.0pt too wide) in paragraph at lines 250--251
[]
 []


! LaTeX Error: Environment figure undefined.

See the LaTeX manual or LaTeX Companion for explanation.
Type  H <return>  for immediate help.
 ...                                              
                                                  
l.252 \begin{figure}
                    [htbp]
Your command was ignored.
Type  I <command> <return>  to replace it with another command,
or  <return>  to continue without it.


! LaTeX Error: Missing \begin{document}.

See the LaTeX manual or LaTeX Companion for explanation.
Type  H <return>  for immediate help.
 ...                                              
                                                  
l.252 \begin{figure}[
                     htbp]
You're in trouble here.  Try typing  <return>  to proceed.
If that doesn't work, type  X <return>  to quit.

Missing character: There is no [ in font nullfont!
Missing character: There is no h in font nullfont!
Missing character: There is no t in font nullfont!
Missing character: There is no b in font nullfont!
Missing character: There is no p in font nullfont!
Missing character: There is no ] in font nullfont!
! Undefined control sequence.
l.254   \includegraphics
                        [scale=0.7]{activityCreatingSurvey.pdf}
The control sequence at the end of the top line
of your error message was never \def'ed. If you have
misspelled it (e.g., `\hobx'), type `I' and the correct
spelling (e.g., `I\hbox'). Otherwise just continue,
and I'll forget about whatever was undefined.

Missing character: There is no [ in font nullfont!
Missing character: There is no s in font nullfont!
Missing character: There is no c in font nullfont!
Missing character: There is no a in font nullfont!
Missing character: There is no l in font nullfont!
Missing character: There is no e in font nullfont!
Missing character: There is no = in font nullfont!
Missing character: There is no 0 in font nullfont!
Missing character: There is no . in font nullfont!
Missing character: There is no 7 in font nullfont!
Missing character: There is no ] in font nullfont!
Missing character: There is no a in font nullfont!
Missing character: There is no c in font nullfont!
Missing character: There is no t in font nullfont!
Missing character: There is no i in font nullfont!
Missing character: There is no v in font nullfont!
Missing character: There is no i in font nullfont!
Missing character: There is no t in font nullfont!
Missing character: There is no y in font nullfont!
Missing character: There is no C in font nullfont!
Missing character: There is no r in font nullfont!
Missing character: There is no e in font nullfont!
Missing character: There is no a in font nullfont!
Missing character: There is no t in font nullfont!
Missing character: There is no i in font nullfont!
Missing character: There is no n in font nullfont!
Missing character: There is no g in font nullfont!
Missing character: There is no S in font nullfont!
Missing character: There is no u in font nullfont!
Missing character: There is no r in font nullfont!
Missing character: There is no v in font nullfont!
Missing character: There is no e in font nullfont!
Missing character: There is no y in font nullfont!
Missing character: There is no . in font nullfont!
Missing character: There is no p in font nullfont!
Missing character: There is no d in font nullfont!
Missing character: There is no f in font nullfont!

! LaTeX Error: \caption outside float.

See the LaTeX manual or LaTeX Companion for explanation.
Type  H <return>  for immediate help.
 ...                                              
                                                  
l.255   \caption
                {svg image}
You're in trouble here.  Try typing  <return>  to proceed.
If that doesn't work, type  X <return>  to quit.

Missing character: There is no s in font nullfont!
Missing character: There is no v in font nullfont!
Missing character: There is no g in font nullfont!
Missing character: There is no i in font nullfont!
Missing character: There is no m in font nullfont!
Missing character: There is no a in font nullfont!
Missing character: There is no g in font nullfont!
Missing character: There is no e in font nullfont!

! LaTeX Error: \begin{document} ended by \end{figure}.

See the LaTeX manual or LaTeX Companion for explanation.
Type  H <return>  for immediate help.
 ...                                              
                                                  
l.256 \end{figure}
                  
Your command was ignored.
Type  I <command> <return>  to replace it with another command,
or  <return>  to continue without it.

)
! Emergency stop.
<*> projektsystemu.tex
                      
*** (job aborted, no legal \end found)

 
Here is how much of TeX's memory you used:
 17 strings out of 493029
 279 string characters out of 6136234
 79879 words of memory out of 5000000
 3650 multiletter control sequences out of 15000+600000
 3945 words of font info for 15 fonts, out of 8000000 for 9000
 1141 hyphenation exceptions out of 8191
 19i,7n,16p,168b,163s stack positions out of 5000i,500n,10000p,200000b,80000s
!  ==> Fatal error occurred, no output PDF file produced!
